<?xml version="1.0" encoding="UTF-8"?>
<testsuite xmlns:xsi="http://www.w3.org/2001/XMLSchema-instance" xsi:noNamespaceSchemaLocation="https://maven.apache.org/surefire/maven-surefire-plugin/xsd/surefire-test-report.xsd" name="TestSuite" time="783.309" tests="9" errors="0" skipped="0" failures="0">
  <properties>
[...]
</properties>
  <testcase name="verifyMobilePage" classname="testCases.MobileListTest" time="36.837"/>
  <testcase name="verifyMobilePrice" classname="testCases.MobPriceCompTest" time="26.24"/>
  <testcase name="verifyMobileCart" classname="testCases.MobProdCartTest" time="41.933"/>
  <testcase name="verifyMobileCompare" classname="testCases.MobCompTest" time="53.905"/>
  <testcase name="verifyAcctCreation" classname="testCases.AcctCreationTest" time="45.947"/>
  <testcase name="verifyOrderPlaced" classname="testCases.PlaceOrderTest" time="57.548"/>
  <testcase name="verifyPrintOrder" classname="testCases.PrintOrderTest" time="142.227"/>
  <testcase name="verifyReOrderPlaced" classname="testCases.PlaceReOrderTest" time="54.048"/>
  <testcase name="verifyCouponCode" classname="testCases.CouponCodeTest" time="23.184"/>
</testsuite>